<?xml version="1.0" encoding="UTF-8"?>
<!-- Generated by org.testng.reporters.JUnitReportReporter -->
<testsuite skipped="0" hostname="WINDOWS-4PFHOAL" name="TestCases.Sample" tests="2" failures="0" timestamp="22 Mar 2019 13:23:14 GMT" time="0.077" errors="0">
  <testcase name="method1" time="0.061" classname="TestCases.Sample"/>
  <testcase name="method2" time="0.016" classname="TestCases.Sample"/>
</testsuite> <!-- TestCases.Sample -->
