<?xml version="1.0" encoding="UTF-8"?>
<!-- Generated by org.testng.reporters.JUnitReportReporter -->
<testsuite skipped="0" hostname="WINDOWS-4PFHOAL" name="TestCases.SampleTest" tests="2" failures="0" timestamp="2019-03-27T14:01:30 GMT" time="0.036" errors="0">
  <testcase name="method2" time="0.003" classname="TestCases.SampleTest"/>
  <testcase name="method1" time="0.033" classname="TestCases.SampleTest"/>
</testsuite> <!-- TestCases.SampleTest -->
