<?xml version="1.0" encoding="UTF-8"?>
<!-- Generated by org.testng.reporters.JUnitReportReporter -->
<testsuite skipped="0" hostname="WINDOWS-4PFHOAL" name="TestCases.SeleniumTest" tests="2" failures="0" timestamp="2019-03-27T14:01:30 GMT" time="0.003" errors="0">
  <testcase name="testCase1" time="0.002" classname="TestCases.SeleniumTest"/>
  <testcase name="testCase2" time="0.001" classname="TestCases.SeleniumTest"/>
</testsuite> <!-- TestCases.SeleniumTest -->
